Arguments: 
  C:\Program Files\nodejs\node.exe C:\Users\flavioneto\AppData\Roaming\npm\node_modules\@sanity\cli\vendor\yarn install --json --non-interactive --ignore-engines --registry https://registry.npmjs.org

PATH: 
  C:\Users\flavioneto\AppData\Roaming\npm\node_modules\vendor;C:\Users\flavioneto\bin;C:\Program Files\Git\mingw64\bin;C:\Program Files\Git\usr\local\bin;C:\Program Files\Git\usr\bin;C:\Program Files\Git\usr\bin;C:\Program Files\Git\mingw64\bin;C:\Program Files\Git\usr\bin;C:\Users\flavioneto\bin;C:\Program Files (x86)\Common Files\Oracle\Java\javapath;C:\ProgramData\Oracle\Java\javapath;C:\Program Files (x86)\NVIDIA Corporation\PhysX\Common;C:\Python38\Scripts;C:\Python38;C:\WINDOWS\system32;C:\WINDOWS;C:\WINDOWS\System32\Wbem;C:\WINDOWS\System32\WindowsPowerShell\v1.0;C:\WINDOWS\System32\OpenSSH;C:\Program Files (x86)\Calibre2;C:\Program Files\Git\cmd;C:\ProgramData\chocolatey\bin;C:\Program Files\MongoDB\Server\4.4\bin;C:\Program Files\Docker\Docker\resources\bin;C:\ProgramData\DockerDesktop\version-bin;C:\Users\flavioneto\AppData\Roaming\nvm;C:\Program Files\nodejs;C:\Ruby30-x64\bin;C:\Users\flavioneto\AppData\Local\Microsoft\WindowsApps;C:\Program Files (x86)\Microsoft VS Code\bin;C:\Users\flavioneto\AppData\Roaming\npm;C:\Users\flavioneto\AppData\Roaming\nvm;C:\Program Files\nodejs;C:\Users\flavioneto\AppData\Local\Programs\Fiddler;C:\Program Files\Git\usr\bin\vendor_perl;C:\Program Files\Git\usr\bin\core_perl

Yarn version: 
  1.22.10

Node version: 
  14.17.0

Platform: 
  win32 x64

Trace: 
  Error: https://registry.npmjs.org/date-fns/-/date-fns-2.27.0.tgz: ESOCKETTIMEDOUT
      at ClientRequest.<anonymous> (C:\Users\flavioneto\AppData\Roaming\npm\node_modules\@sanity\cli\vendor\yarn:141406:19)
      at Object.onceWrapper (events.js:482:28)
      at ClientRequest.emit (events.js:376:20)
      at TLSSocket.emitRequestTimeout (_http_client.js:790:9)
      at Object.onceWrapper (events.js:482:28)
      at TLSSocket.emit (events.js:388:22)
      at TLSSocket.Socket._onTimeout (net.js:483:8)
      at listOnTimeout (internal/timers.js:555:17)
      at processTimers (internal/timers.js:498:7)

npm manifest: 
  {
    "name": "proa",
    "private": true,
    "version": "1.0.0",
    "description": "",
    "main": "package.json",
    "author": "Flávio Neto <flavioneto96@gmail.com>",
    "license": "UNLICENSED",
    "scripts": {
      "start": "sanity start",
      "build": "sanity build"
    },
    "keywords": [
      "sanity"
    ],
    "dependencies": {
      "@sanity/base": "^2.23.2",
      "@sanity/cli": "^2.23.2",
      "@sanity/components": "^2.14.0",
      "@sanity/core": "^2.23.2",
      "@sanity/dashboard": "^2.23.2",
      "@sanity/default-layout": "^2.23.2",
      "@sanity/default-login": "^2.23.2",
      "@sanity/desk-tool": "^2.23.2",
      "@sanity/production-preview": "^2.15.0",
      "@sanity/vision": "^2.23.2",
      "prop-types": "^15.7",
      "react": "^17.0",
      "react-dom": "^17.0",
      "react-icons": "^4.3.1",
      "sanity-plugin-conditional-field": "^0.0.1",
      "sanity-plugin-dashboard-widget-netlify": "^1.2.1",
      "sanity-plugin-iframe-pane": "^1.0.15"
    },
    "devDependencies": {}
  }

yarn manifest: 
  No manifest

Lockfile: 
  No lockfile
